Starting analysis at mar. 17/06/2025 12:06:06.42 
Input file: C:\xampp\htdocs\laravel\PolluxwWeb\storage\app/private\models/1/3580f697-e5b0-4e66-ab61-1c8e795e13bc.STL 
Working directory: C:\xampp\htdocs\laravel\PolluxwWeb\app\Services\FileAnalyzers 
Using conda from: C:\Users\Leinad\miniconda3\Scripts\conda.exe 
Updated PATH: C:\Users\Leinad\miniconda3\Scripts;C:\Users\Leinad\miniconda3\condabin;C:\xampp\htdocs\laravel\PolluxwWeb\node_modules\.bin;C:\xampp\htdocs\laravel\node_modules\.bin;C:\xampp\htdocs\node_modules\.bin;C:\xampp\node_modules\.bin;C:\node_modules\.bin;C:\Program Files\nodejs\node_modules\npm\node_modules\@npmcli\run-script\lib\node-gyp-bin;C:\xampp\htdocs\laravel\PolluxwWeb\venv\Scripts;C:\Users\Leinad\miniconda3;C:\Users\Leinad\miniconda3\Library\mingw-w64\bin;C:\Users\Leinad\miniconda3\Library\usr\bin;C:\Users\Leinad\miniconda3\Library\bin;C:\Users\Leinad\miniconda3\Scripts;C:\Users\Leinad\miniconda3\bin;C:\Users\Leinad\miniconda3\condabin;C:\xampp\htdocs\laravel\PolluxwWeb\venv\Scripts;C:\Program Files (x86)\NVIDIA Corporation\PhysX\Common;C:\Windows\system32;C:\Windows;C:\Windows\System32\Wbem;C:\Windows\System32\WindowsPowerShell\v1.0;C:\Windows\System32\OpenSSH;C:\Program Files\Microsoft SQL Server\150\Tools\Binn;C:\Program Files\Microsoft SQL Server\Client SDK\ODBC\170\Tools\Binn;C:\Program Files\dotnet;C:\Program Files (x86)\Windows Kits\10\Windows Performance Toolkit;C:\Program Files\Microsoft SQL Server\Client SDK\ODBC\110\Tools\Binn;C:\Program Files (x86)\Microsoft SQL Server\120\Tools\Binn;C:\Program Files\Microsoft SQL Server\120\Tools\Binn;C:\Program Files\Microsoft SQL Server\120\DTS\Binn;C:\Program Files (x86)\Windows Kits\8.1\Windows Performance Toolkit;C:\xampp\php;C:\ProgramData\ComposerSetup\bin;C:\Program Files\nodejs;C:\Program Files\Git\cmd;C:\Users\Leinad\miniconda3;C:\Users\Leinad\miniconda3\Library\mingw-w64\bin;C:\Users\Leinad\miniconda3\Library\usr\bin;C:\Users\Leinad\miniconda3\Library\bin;C:\Users\Leinad\miniconda3\Scripts;C:\Users\Leinad\AppData\Local\Programs\Python\Python312\Scripts;C:\Users\Leinad\AppData\Local\Programs\Python\Python312;C:\Users\Leinad\AppData\Local\Microsoft\WindowsApps;C:\Users\Leinad\.dotnet\tools;C:\Users\Leinad\AppData\Local\Programs\Microsoft VS Code\bin;C:\Users\Leinad\AppData\Local\GitHubDesktop\bin;C:\Users\Leinad\AppData\Roaming\Composer\vendor\bin;C:\Users\Leinad\AppData\Roaming\npm 
Running Python analysis... 
"chcp" no se reconoce como un comando interno o externo,
programa o archivo por lotes ejecutable.
"chcp" no se reconoce como un comando interno o externo,
programa o archivo por lotes ejecutable.
Starting main.py script...
Python executable: C:\Users\Leinad\miniconda3\envs\pollux\python.exe
Python version: 3.10.18 | packaged by conda-forge | (main, Jun  4 2025, 14:42:04) [MSC v.1943 64 bit (AMD64)]
Arguments: ['C:\\xampp\\htdocs\\laravel\\PolluxwWeb\\app\\Services\\FileAnalyzers\\main.py', 'C:\\xampp\\htdocs\\laravel\\PolluxwWeb\\storage\\app/private\\models/1/3580f697-e5b0-4e66-ab61-1c8e795e13bc.STL']
Processing file: C:\xampp\htdocs\laravel\PolluxwWeb\storage\app/private\models/1/3580f697-e5b0-4e66-ab61-1c8e795e13bc.STL
Debug: Process running as user: Leinad
Debug: Working directory: C:\xampp\htdocs\laravel\PolluxwWeb\app\Services\FileAnalyzers
Debug: File path: C:\xampp\htdocs\laravel\PolluxwWeb\storage\app\private\models\1\3580f697-e5b0-4e66-ab61-1c8e795e13bc.STL
Debug: Starting analysis of C:\xampp\htdocs\laravel\PolluxwWeb\storage\app\private\models\1\3580f697-e5b0-4e66-ab61-1c8e795e13bc.STL with C:\xampp\htdocs\laravel\PolluxwWeb\app\Services\FileAnalyzers\analyze_stl.py
Debug: Python executable: C:\Users\Leinad\miniconda3\envs\pollux\python.exe
Debug: Script path: C:\xampp\htdocs\laravel\PolluxwWeb\app\Services\FileAnalyzers\analyze_stl.py
Debug: File path: C:\xampp\htdocs\laravel\PolluxwWeb\storage\app\private\models\1\3580f697-e5b0-4e66-ab61-1c8e795e13bc.STL
Main processing completed
"chcp" no se reconoce como un comando interno o externo,
programa o archivo por lotes ejecutable.

ERROR conda.cli.main_run:execute(125): `conda run python C:\xampp\htdocs\laravel\PolluxwWeb\app\Services\FileAnalyzers\main.py C:\xampp\htdocs\laravel\PolluxwWeb\storage\app/private\models/1/3580f697-e5b0-4e66-ab61-1c8e795e13bc.STL` failed. (See above for error)
Error: Python script failed with code 1 
